Drill report for mainboard.kicad_pcb
Created on 2025-07-21T13:37:36+0200

Copper Layer Stackup:
    =============================================================
    L1 :  F.Cu                      front
    L2 :  B.Cu                      back


Drill file 'mainboard-PTH-drl.gbr' contains
    plated through holes:
    =============================================================
    T1  0.400mm  0.0157"  (35 holes)
    T2  0.700mm  0.0276"  (2 holes)
    T3  0.800mm  0.0315"  (41 holes)
    T4  1.000mm  0.0394"  (57 holes)
    T5  1.016mm  0.0400"  (30 holes)
    T6  1.100mm  0.0433"  (5 holes)  (with 5 slots)
    T7  1.190mm  0.0469"  (2 holes)
    T8  1.600mm  0.0630"  (2 holes)

    Total plated holes count 174


Drill file 'mainboard-NPTH-drl.gbr' contains
    unplated through holes:
    =============================================================
    T1  3.200mm  0.1260"  (10 holes)

    Total unplated holes count 10
